Started GET "/" for 127.0.0.1 at 2017-05-20 00:47:14 +0900
Processing by Rails::WelcomeController#index as HTML
  Rendering /Users/yustanak/.rbenv/versions/2.3.1/lib/ruby/gems/2.3.0/gems/railties-5.1.1/lib/rails/templates/rails/welcome/index.html.erb
  Rendered /Users/yustanak/.rbenv/versions/2.3.1/lib/ruby/gems/2.3.0/gems/railties-5.1.1/lib/rails/templates/rails/welcome/index.html.erb (5.7ms)
Completed 200 OK in 226ms (Views: 11.9ms)


Started GET "/" for 127.0.0.1 at 2017-05-20 00:47:21 +0900
Processing by Rails::WelcomeController#index as HTML
  Rendering /Users/yustanak/.rbenv/versions/2.3.1/lib/ruby/gems/2.3.0/gems/railties-5.1.1/lib/rails/templates/rails/welcome/index.html.erb
  Rendered /Users/yustanak/.rbenv/versions/2.3.1/lib/ruby/gems/2.3.0/gems/railties-5.1.1/lib/rails/templates/rails/welcome/index.html.erb (6.3ms)
Completed 200 OK in 13ms (Views: 10.4ms)


Started GET "/" for 127.0.0.1 at 2017-05-20 00:47:22 +0900
Processing by Rails::WelcomeController#index as HTML
  Rendering /Users/yustanak/.rbenv/versions/2.3.1/lib/ruby/gems/2.3.0/gems/railties-5.1.1/lib/rails/templates/rails/welcome/index.html.erb
  Rendered /Users/yustanak/.rbenv/versions/2.3.1/lib/ruby/gems/2.3.0/gems/railties-5.1.1/lib/rails/templates/rails/welcome/index.html.erb (6.6ms)
Completed 200 OK in 19ms (Views: 12.4ms)


Started GET "/" for 127.0.0.1 at 2017-05-20 00:47:23 +0900
Processing by Rails::WelcomeController#index as HTML
  Rendering /Users/yustanak/.rbenv/versions/2.3.1/lib/ruby/gems/2.3.0/gems/railties-5.1.1/lib/rails/templates/rails/welcome/index.html.erb
  Rendered /Users/yustanak/.rbenv/versions/2.3.1/lib/ruby/gems/2.3.0/gems/railties-5.1.1/lib/rails/templates/rails/welcome/index.html.erb (6.4ms)
Completed 200 OK in 13ms (Views: 9.7ms)


Started GET "/" for 127.0.0.1 at 2017-05-20 00:47:23 +0900
Processing by Rails::WelcomeController#index as HTML
  Rendering /Users/yustanak/.rbenv/versions/2.3.1/lib/ruby/gems/2.3.0/gems/railties-5.1.1/lib/rails/templates/rails/welcome/index.html.erb
  Rendered /Users/yustanak/.rbenv/versions/2.3.1/lib/ruby/gems/2.3.0/gems/railties-5.1.1/lib/rails/templates/rails/welcome/index.html.erb (6.7ms)
Completed 200 OK in 16ms (Views: 11.0ms)


Started GET "/" for 127.0.0.1 at 2017-05-20 00:47:25 +0900
Processing by Rails::WelcomeController#index as HTML
  Rendering /Users/yustanak/.rbenv/versions/2.3.1/lib/ruby/gems/2.3.0/gems/railties-5.1.1/lib/rails/templates/rails/welcome/index.html.erb
  Rendered /Users/yustanak/.rbenv/versions/2.3.1/lib/ruby/gems/2.3.0/gems/railties-5.1.1/lib/rails/templates/rails/welcome/index.html.erb (5.9ms)
Completed 200 OK in 13ms (Views: 9.6ms)


Started GET "/" for 127.0.0.1 at 2017-05-20 00:47:25 +0900
Processing by Rails::WelcomeController#index as HTML
  Rendering /Users/yustanak/.rbenv/versions/2.3.1/lib/ruby/gems/2.3.0/gems/railties-5.1.1/lib/rails/templates/rails/welcome/index.html.erb
  Rendered /Users/yustanak/.rbenv/versions/2.3.1/lib/ruby/gems/2.3.0/gems/railties-5.1.1/lib/rails/templates/rails/welcome/index.html.erb (8.7ms)
Completed 200 OK in 21ms (Views: 14.5ms)


Started GET "/" for 127.0.0.1 at 2017-05-20 00:47:25 +0900
Processing by Rails::WelcomeController#index as HTML
  Rendering /Users/yustanak/.rbenv/versions/2.3.1/lib/ruby/gems/2.3.0/gems/railties-5.1.1/lib/rails/templates/rails/welcome/index.html.erb
  Rendered /Users/yustanak/.rbenv/versions/2.3.1/lib/ruby/gems/2.3.0/gems/railties-5.1.1/lib/rails/templates/rails/welcome/index.html.erb (12.6ms)
Completed 200 OK in 32ms (Views: 24.8ms)


Started GET "/" for 127.0.0.1 at 2017-05-20 00:47:25 +0900
Processing by Rails::WelcomeController#index as HTML
  Rendering /Users/yustanak/.rbenv/versions/2.3.1/lib/ruby/gems/2.3.0/gems/railties-5.1.1/lib/rails/templates/rails/welcome/index.html.erb
  Rendered /Users/yustanak/.rbenv/versions/2.3.1/lib/ruby/gems/2.3.0/gems/railties-5.1.1/lib/rails/templates/rails/welcome/index.html.erb (4.7ms)
Completed 200 OK in 14ms (Views: 9.0ms)


Started GET "/" for 127.0.0.1 at 2017-05-20 00:47:25 +0900
Processing by Rails::WelcomeController#index as HTML
  Rendering /Users/yustanak/.rbenv/versions/2.3.1/lib/ruby/gems/2.3.0/gems/railties-5.1.1/lib/rails/templates/rails/welcome/index.html.erb
  Rendered /Users/yustanak/.rbenv/versions/2.3.1/lib/ruby/gems/2.3.0/gems/railties-5.1.1/lib/rails/templates/rails/welcome/index.html.erb (5.5ms)
Completed 200 OK in 16ms (Views: 12.4ms)


Started GET "/" for 127.0.0.1 at 2017-05-20 00:47:26 +0900
Processing by Rails::WelcomeController#index as HTML
  Rendering /Users/yustanak/.rbenv/versions/2.3.1/lib/ruby/gems/2.3.0/gems/railties-5.1.1/lib/rails/templates/rails/welcome/index.html.erb
  Rendered /Users/yustanak/.rbenv/versions/2.3.1/lib/ruby/gems/2.3.0/gems/railties-5.1.1/lib/rails/templates/rails/welcome/index.html.erb (4.1ms)
Completed 200 OK in 17ms (Views: 10.8ms)


Started GET "/" for 127.0.0.1 at 2017-05-20 00:47:26 +0900
Processing by Rails::WelcomeController#index as HTML
  Rendering /Users/yustanak/.rbenv/versions/2.3.1/lib/ruby/gems/2.3.0/gems/railties-5.1.1/lib/rails/templates/rails/welcome/index.html.erb
  Rendered /Users/yustanak/.rbenv/versions/2.3.1/lib/ruby/gems/2.3.0/gems/railties-5.1.1/lib/rails/templates/rails/welcome/index.html.erb (6.6ms)
Completed 200 OK in 20ms (Views: 13.2ms)


Started GET "/" for 127.0.0.1 at 2017-05-20 00:47:26 +0900
Processing by Rails::WelcomeController#index as HTML
  Rendering /Users/yustanak/.rbenv/versions/2.3.1/lib/ruby/gems/2.3.0/gems/railties-5.1.1/lib/rails/templates/rails/welcome/index.html.erb
  Rendered /Users/yustanak/.rbenv/versions/2.3.1/lib/ruby/gems/2.3.0/gems/railties-5.1.1/lib/rails/templates/rails/welcome/index.html.erb (5.0ms)
Completed 200 OK in 12ms (Views: 8.5ms)


Started GET "/" for 127.0.0.1 at 2017-05-20 00:47:26 +0900
Processing by Rails::WelcomeController#index as HTML
  Rendering /Users/yustanak/.rbenv/versions/2.3.1/lib/ruby/gems/2.3.0/gems/railties-5.1.1/lib/rails/templates/rails/welcome/index.html.erb
  Rendered /Users/yustanak/.rbenv/versions/2.3.1/lib/ruby/gems/2.3.0/gems/railties-5.1.1/lib/rails/templates/rails/welcome/index.html.erb (4.1ms)
Completed 200 OK in 11ms (Views: 7.1ms)


Started GET "/" for 127.0.0.1 at 2017-05-20 00:47:27 +0900
Processing by Rails::WelcomeController#index as HTML
  Rendering /Users/yustanak/.rbenv/versions/2.3.1/lib/ruby/gems/2.3.0/gems/railties-5.1.1/lib/rails/templates/rails/welcome/index.html.erb
  Rendered /Users/yustanak/.rbenv/versions/2.3.1/lib/ruby/gems/2.3.0/gems/railties-5.1.1/lib/rails/templates/rails/welcome/index.html.erb (4.6ms)
Completed 200 OK in 14ms (Views: 7.7ms)


Started GET "/" for 127.0.0.1 at 2017-05-20 00:47:27 +0900
Processing by Rails::WelcomeController#index as HTML
  Rendering /Users/yustanak/.rbenv/versions/2.3.1/lib/ruby/gems/2.3.0/gems/railties-5.1.1/lib/rails/templates/rails/welcome/index.html.erb
  Rendered /Users/yustanak/.rbenv/versions/2.3.1/lib/ruby/gems/2.3.0/gems/railties-5.1.1/lib/rails/templates/rails/welcome/index.html.erb (6.4ms)
Completed 200 OK in 17ms (Views: 10.8ms)


Started GET "/" for 127.0.0.1 at 2017-05-20 00:47:27 +0900
Processing by Rails::WelcomeController#index as HTML
  Rendering /Users/yustanak/.rbenv/versions/2.3.1/lib/ruby/gems/2.3.0/gems/railties-5.1.1/lib/rails/templates/rails/welcome/index.html.erb
  Rendered /Users/yustanak/.rbenv/versions/2.3.1/lib/ruby/gems/2.3.0/gems/railties-5.1.1/lib/rails/templates/rails/welcome/index.html.erb (5.3ms)
Completed 200 OK in 16ms (Views: 11.1ms)


Started GET "/" for 127.0.0.1 at 2017-05-20 00:47:27 +0900
Processing by Rails::WelcomeController#index as HTML
  Rendering /Users/yustanak/.rbenv/versions/2.3.1/lib/ruby/gems/2.3.0/gems/railties-5.1.1/lib/rails/templates/rails/welcome/index.html.erb
  Rendered /Users/yustanak/.rbenv/versions/2.3.1/lib/ruby/gems/2.3.0/gems/railties-5.1.1/lib/rails/templates/rails/welcome/index.html.erb (5.3ms)
Completed 200 OK in 16ms (Views: 11.1ms)


Started GET "/" for 127.0.0.1 at 2017-05-20 00:47:27 +0900
Processing by Rails::WelcomeController#index as HTML
  Rendering /Users/yustanak/.rbenv/versions/2.3.1/lib/ruby/gems/2.3.0/gems/railties-5.1.1/lib/rails/templates/rails/welcome/index.html.erb
  Rendered /Users/yustanak/.rbenv/versions/2.3.1/lib/ruby/gems/2.3.0/gems/railties-5.1.1/lib/rails/templates/rails/welcome/index.html.erb (8.5ms)
Completed 200 OK in 25ms (Views: 16.5ms)


